TN:
SF:02-ratelimitter.js
FNF:0
FNH:0
DA:1,1
DA:2,1
DA:3,1
DA:4,1
DA:5,1
DA:6,1
DA:7,1
DA:8,1
DA:9,1
DA:10,1
DA:11,1
DA:12,1
DA:13,1
DA:14,1
DA:15,13
DA:16,13
DA:17,7
DA:18,7
DA:19,7
DA:20,13
DA:21,6
DA:22,2
DA:23,2
DA:24,6
DA:25,6
DA:26,6
DA:27,13
DA:28,1
DA:29,1
DA:30,1
DA:31,2
DA:32,1
DA:33,1
DA:34,1
DA:35,6
DA:36,1
DA:37,1
DA:38,1
DA:39,0
DA:40,1
DA:41,1
DA:42,1
LF:42
LH:41
BRDA:14,0,0,13
BRDA:16,1,0,11
BRDA:16,2,0,7
BRDA:20,3,0,6
BRDA:21,4,0,2
BRDA:30,5,0,2
BRDA:34,6,0,6
BRF:7
BRH:7
end_of_record
